12:05:11.982 [main] DEBUG org.apache.poi.ooxml.POIXMLFactory - using default POIXMLDocumentPart for http://schemas.openxmlformats.org/officeDocument/2006/relationships/printerSettings
12:05:12.018 [main] DEBUG org.apache.poi.openxml4j.opc.PackageRelationshipCollection - Parsing relationship: /xl/_rels/workbook.xml.rels
12:05:12.019 [main] DEBUG org.apache.poi.openxml4j.opc.PackageRelationshipCollection - Parsing relationship: /xl/worksheets/_rels/sheet1.xml.rels
12:05:12.019 [main] DEBUG org.apache.poi.openxml4j.opc.PackageRelationshipCollection - Parsing relationship: /_rels/.rels
12:05:12.026 [main] DEBUG org.apache.poi.ooxml.POIXMLFactory - using default POIXMLDocumentPart for http://schemas.openxmlformats.org/officeDocument/2006/relationships/printerSettings
12:05:12.039 [main] DEBUG org.apache.poi.openxml4j.opc.PackageRelationshipCollection - Parsing relationship: /xl/_rels/workbook.xml.rels
12:05:12.040 [main] DEBUG org.apache.poi.openxml4j.opc.PackageRelationshipCollection - Parsing relationship: /xl/worksheets/_rels/sheet1.xml.rels
12:05:12.040 [main] DEBUG org.apache.poi.openxml4j.opc.PackageRelationshipCollection - Parsing relationship: /_rels/.rels
12:05:12.049 [main] DEBUG org.apache.poi.ooxml.POIXMLFactory - using default POIXMLDocumentPart for http://schemas.openxmlformats.org/officeDocument/2006/relationships/printerSettings
12:05:12.060 [main] DEBUG org.apache.poi.openxml4j.opc.PackageRelationshipCollection - Parsing relationship: /xl/_rels/workbook.xml.rels
12:05:12.061 [main] DEBUG org.apache.poi.openxml4j.opc.PackageRelationshipCollection - Parsing relationship: /xl/worksheets/_rels/sheet1.xml.rels
12:05:12.062 [main] DEBUG org.apache.poi.openxml4j.opc.PackageRelationshipCollection - Parsing relationship: /_rels/.rels
12:05:12.069 [main] DEBUG org.apache.poi.ooxml.POIXMLFactory - using default POIXMLDocumentPart for http://schemas.openxmlformats.org/officeDocument/2006/relationships/printerSettings
12:05:12.177 [main] INFO  testCases.TC003_LoginDDT - ** Started Login DataDriven Test **
12:05:12.665 [main] INFO  testCases.TC003_LoginDDT - home page actions completed
12:05:13.504 [main] INFO  testCases.TC003_LoginDDT - my login page actions completed
12:05:13.504 [main] INFO  testCases.TC003_LoginDDT - Validating the text...
12:05:14.058 [main] INFO  testCases.TC003_LoginDDT - ** Finished Login DataDriven Test **
12:05:14.067 [main] INFO  testCases.TC003_LoginDDT - ** Started Login DataDriven Test **
12:05:14.423 [main] INFO  testCases.TC003_LoginDDT - home page actions completed
12:05:15.369 [main] INFO  testCases.TC003_LoginDDT - my login page actions completed
12:05:15.369 [main] INFO  testCases.TC003_LoginDDT - Validating the text...
12:05:15.763 [main] INFO  testCases.TC003_LoginDDT - ** Started Login DataDriven Test **
12:05:16.172 [main] INFO  testCases.TC003_LoginDDT - home page actions completed
12:05:16.977 [main] INFO  testCases.TC003_LoginDDT - my login page actions completed
12:05:16.978 [main] INFO  testCases.TC003_LoginDDT - Validating the text...
12:05:17.568 [main] INFO  testCases.TC003_LoginDDT - ** Started Login DataDriven Test **
12:05:18.039 [main] INFO  testCases.TC003_LoginDDT - home page actions completed
12:05:18.751 [main] INFO  testCases.TC003_LoginDDT - my login page actions completed
12:05:18.751 [main] INFO  testCases.TC003_LoginDDT - Validating the text...
12:05:28.838 [main] INFO  testCases.TC003_LoginDDT - ** Finished Login DataDriven Test **
12:05:28.838 [main] INFO  testCases.TC003_LoginDDT - ** Started Login DataDriven Test **
12:05:29.216 [main] INFO  testCases.TC003_LoginDDT - home page actions completed
12:05:30.188 [main] INFO  testCases.TC003_LoginDDT - my login page actions completed
12:05:30.188 [main] INFO  testCases.TC003_LoginDDT - Validating the text...
12:05:30.657 [main] INFO  testCases.TC003_LoginDDT - ** Finished Login DataDriven Test **
12:06:38.975 [main] DEBUG org.testng.TestNG - suiteXmlPath: "C:\Users\koush\eclipse-workspace\Final_Selenium_Automation\grouping.xml"
12:06:39.287 [main] INFO  org.testng.internal.Utils - [TestNG] Running:
  C:\Users\koush\eclipse-workspace\Final_Selenium_Automation\grouping.xml

12:07:13.584 [main] DEBUG org.testng.TestNG - suiteXmlPath: "C:\Users\koush\eclipse-workspace\Final_Selenium_Automation\grouping.xml"
12:07:13.863 [main] INFO  org.testng.internal.Utils - [TestNG] Running:
  C:\Users\koush\eclipse-workspace\Final_Selenium_Automation\grouping.xml

12:08:31.256 [main] DEBUG org.testng.TestNG - suiteXmlPath: "C:\Users\koush\eclipse-workspace\Final_Selenium_Automation\grouping.xml"
12:08:31.536 [main] INFO  org.testng.internal.Utils - [TestNG] Running:
  C:\Users\koush\eclipse-workspace\Final_Selenium_Automation\grouping.xml

12:08:34.414 [main] INFO  testCases.TC001_AccountRegistrationTest - *Started the Test case*
12:08:34.512 [main] INFO  testCases.TC001_AccountRegistrationTest - Clicked on my account
12:08:34.862 [main] INFO  testCases.TC001_AccountRegistrationTest - Clicked on register link
12:08:34.864 [main] INFO  testCases.TC001_AccountRegistrationTest - Entering customer details
12:08:36.254 [main] INFO  testCases.TC001_AccountRegistrationTest - *Validating the message..
12:08:36.350 [main] INFO  testCases.TC001_AccountRegistrationTest - *Ended the Test case*
12:08:38.908 [main] INFO  testCases.TC002_LoginTest - ** Started TC002_Login_Test**
12:08:39.266 [main] INFO  testCases.TC002_LoginTest - home page actions completed
12:08:40.146 [main] INFO  testCases.TC002_LoginTest - my login page actions completed
12:08:40.148 [main] INFO  testCases.TC002_LoginTest - Validating the text...
12:08:40.212 [main] INFO  testCases.TC002_LoginTest - login successful, text is matching
12:08:40.212 [main] INFO  testCases.TC002_LoginTest - ** Finished TC002_Login_Test**
15:04:53.462 [main] DEBUG org.testng.TestNG - suiteXmlPath: "C:\Users\koush\eclipse-workspace\Final_Selenium_Automation\grouping.xml"
15:04:53.660 [main] INFO  org.testng.internal.Utils - [TestNG] Running:
  C:\Users\koush\eclipse-workspace\Final_Selenium_Automation\grouping.xml

15:04:57.541 [main] INFO  testCases.TC002_LoginTest - ** Started TC002_Login_Test**
15:04:57.832 [main] INFO  testCases.TC002_LoginTest - home page actions completed
15:04:58.532 [main] INFO  testCases.TC002_LoginTest - my login page actions completed
15:04:58.533 [main] INFO  testCases.TC002_LoginTest - Validating the text...
15:04:58.581 [main] INFO  testCases.TC002_LoginTest - login successful, text is matching
15:04:58.581 [main] INFO  testCases.TC002_LoginTest - ** Finished TC002_Login_Test**
15:07:04.019 [main] DEBUG org.testng.TestNG - suiteXmlPath: "C:\Users\koush\eclipse-workspace\Final_Selenium_Automation\grouping.xml"
15:07:04.288 [main] INFO  org.testng.internal.Utils - [TestNG] Running:
  C:\Users\koush\eclipse-workspace\Final_Selenium_Automation\grouping.xml

15:07:07.082 [main] INFO  testCases.TC001_AccountRegistrationTest - *Started the Test case*
15:07:07.168 [main] INFO  testCases.TC001_AccountRegistrationTest - Clicked on my account
15:07:07.505 [main] INFO  testCases.TC001_AccountRegistrationTest - Clicked on register link
15:07:07.506 [main] INFO  testCases.TC001_AccountRegistrationTest - Entering customer details
15:07:08.776 [main] INFO  testCases.TC001_AccountRegistrationTest - *Validating the message..
15:07:08.817 [main] INFO  testCases.TC001_AccountRegistrationTest - *Ended the Test case*
15:07:10.986 [main] INFO  testCases.TC002_LoginTest - ** Started TC002_Login_Test**
15:07:11.286 [main] INFO  testCases.TC002_LoginTest - home page actions completed
15:07:12.041 [main] INFO  testCases.TC002_LoginTest - my login page actions completed
15:07:12.043 [main] INFO  testCases.TC002_LoginTest - Validating the text...
15:07:12.080 [main] INFO  testCases.TC002_LoginTest - login successful, text is matching
15:07:12.080 [main] INFO  testCases.TC002_LoginTest - ** Finished TC002_Login_Test**
15:10:16.109 [main] DEBUG org.testng.TestNG - suiteXmlPath: "C:\Users\koush\eclipse-workspace\Final_Selenium_Automation\grouping.xml"
15:10:16.318 [main] INFO  org.testng.internal.Utils - [TestNG] Running:
  C:\Users\koush\eclipse-workspace\Final_Selenium_Automation\grouping.xml

15:10:19.186 [main] INFO  testCases.TC001_AccountRegistrationTest - *Started the Test case*
15:10:19.282 [main] INFO  testCases.TC001_AccountRegistrationTest - Clicked on my account
15:10:19.624 [main] INFO  testCases.TC001_AccountRegistrationTest - Clicked on register link
15:10:19.627 [main] INFO  testCases.TC001_AccountRegistrationTest - Entering customer details
15:10:20.807 [main] INFO  testCases.TC001_AccountRegistrationTest - *Validating the message..
15:10:20.850 [main] INFO  testCases.TC001_AccountRegistrationTest - *Ended the Test case*
15:10:23.111 [main] INFO  testCases.TC002_LoginTest - ** Started TC002_Login_Test**
15:10:23.462 [main] INFO  testCases.TC002_LoginTest - home page actions completed
15:10:24.080 [main] INFO  testCases.TC002_LoginTest - my login page actions completed
15:10:24.081 [main] INFO  testCases.TC002_LoginTest - Validating the text...
15:23:38.423 [main] DEBUG org.testng.TestNG - suiteXmlPath: "C:\Users\koush\eclipse-workspace\Final_Selenium_Automation\test-output\testng-failed.xml"
15:23:38.649 [main] INFO  org.testng.internal.Utils - [TestNG] Running:
  C:\Users\koush\eclipse-workspace\Final_Selenium_Automation\test-output\testng-failed.xml

15:23:41.664 [main] INFO  testCases.TC002_LoginTest - ** Started TC002_Login_Test**
15:23:42.062 [main] INFO  testCases.TC002_LoginTest - home page actions completed
15:23:42.851 [main] INFO  testCases.TC002_LoginTest - my login page actions completed
15:23:42.852 [main] INFO  testCases.TC002_LoginTest - Validating the text...
15:23:42.912 [main] INFO  testCases.TC002_LoginTest - login successful, text is matching
15:23:42.912 [main] INFO  testCases.TC002_LoginTest - ** Finished TC002_Login_Test**
18:15:17.547 [main] DEBUG org.testng.TestNG - suiteXmlPath: "C:\Users\koush\eclipse-workspace\Final_Selenium_Automation\test-output\testng-failed.xml"
18:15:17.927 [main] INFO  org.testng.internal.Utils - [TestNG] Running:
  C:\Users\koush\eclipse-workspace\Final_Selenium_Automation\test-output\testng-failed.xml

18:15:23.344 [main] INFO  testCases.TC002_LoginTest - ** Started TC002_Login_Test**
18:15:24.727 [main] INFO  testCases.TC002_LoginTest - home page actions completed
18:15:26.034 [main] INFO  testCases.TC002_LoginTest - my login page actions completed
18:15:26.036 [main] INFO  testCases.TC002_LoginTest - Validating the text...
18:15:26.291 [main] INFO  testCases.TC002_LoginTest - login successful, text is matching
18:15:26.292 [main] INFO  testCases.TC002_LoginTest - ** Finished TC002_Login_Test**
18:56:51.008 [main] DEBUG org.testng.TestNG - suiteXmlPath: "C:\Users\koush\eclipse-workspace\Final_Selenium_Automation\Master.xml"
18:56:51.326 [main] INFO  org.testng.internal.Utils - [TestNG] Running:
  C:\Users\koush\eclipse-workspace\Final_Selenium_Automation\Master.xml

18:56:56.352 [main] INFO  testCases.TC001_AccountRegistrationTest - *Started the Test case*
18:56:56.879 [main] INFO  testCases.TC001_AccountRegistrationTest - Clicked on my account
18:56:57.706 [main] INFO  testCases.TC001_AccountRegistrationTest - Clicked on register link
18:56:57.708 [main] INFO  testCases.TC001_AccountRegistrationTest - Entering customer details
18:56:59.732 [main] INFO  testCases.TC001_AccountRegistrationTest - *Validating the message..
18:56:59.822 [main] INFO  testCases.TC001_AccountRegistrationTest - *Ended the Test case*
18:59:04.346 [main] DEBUG org.testng.TestNG - suiteXmlPath: "C:\Users\koush\eclipse-workspace\Final_Selenium_Automation\Master.xml"
18:59:04.710 [main] INFO  org.testng.internal.Utils - [TestNG] Running:
  C:\Users\koush\eclipse-workspace\Final_Selenium_Automation\Master.xml

18:59:09.932 [main] INFO  testCases.TC001_AccountRegistrationTest - *Started the Test case*
18:59:10.212 [main] INFO  testCases.TC001_AccountRegistrationTest - Clicked on my account
18:59:11.060 [main] INFO  testCases.TC001_AccountRegistrationTest - Clicked on register link
18:59:11.060 [main] INFO  testCases.TC001_AccountRegistrationTest - Entering customer details
18:59:12.750 [main] INFO  testCases.TC001_AccountRegistrationTest - *Validating the message..
18:59:12.825 [main] INFO  testCases.TC001_AccountRegistrationTest - *Ended the Test case*
12:25:56.151 [main] DEBUG org.testng.TestNG - suiteXmlPath: "C:\Users\koush\eclipse-workspace\Final_Selenium_Automation\grid-docker.xml"
12:25:56.639 [main] INFO  org.testng.internal.Utils - [TestNG] Running:
  C:\Users\koush\eclipse-workspace\Final_Selenium_Automation\grid-docker.xml

12:26:03.052 [main] DEBUG org.testng.TestNG - suiteXmlPath: "C:\Users\koush\eclipse-workspace\Final_Selenium_Automation\grid-docker.xml"
12:26:03.417 [main] INFO  testCases.TC001_AccountRegistrationTest - *Started the Test case*
12:26:03.828 [main] INFO  org.testng.internal.Utils - [TestNG] Running:
  C:\Users\koush\eclipse-workspace\Final_Selenium_Automation\grid-docker.xml

12:26:03.863 [main] INFO  testCases.TC001_AccountRegistrationTest - Clicked on my account
12:26:04.474 [main] INFO  testCases.TC001_AccountRegistrationTest - Clicked on register link
12:26:04.493 [main] INFO  testCases.TC001_AccountRegistrationTest - Entering customer details
12:26:05.862 [main] INFO  testCases.TC001_AccountRegistrationTest - *Validating the message..
12:26:05.912 [main] INFO  testCases.TC001_AccountRegistrationTest - *Ended the Test case*
12:26:10.065 [main] INFO  testCases.TC001_AccountRegistrationTest - *Started the Test case*
12:26:10.374 [main] INFO  testCases.TC001_AccountRegistrationTest - Clicked on my account
12:26:10.733 [main] INFO  testCases.TC001_AccountRegistrationTest - Clicked on register link
12:26:10.735 [main] INFO  testCases.TC001_AccountRegistrationTest - Entering customer details
12:26:12.003 [main] INFO  testCases.TC001_AccountRegistrationTest - *Validating the message..
12:26:12.054 [main] INFO  testCases.TC001_AccountRegistrationTest - *Ended the Test case*
12:26:15.764 [main] INFO  testCases.TC002_LoginTest - ** Started TC002_Login_Test**
12:26:16.372 [main] INFO  testCases.TC002_LoginTest - home page actions completed
12:26:17.083 [main] INFO  testCases.TC002_LoginTest - my login page actions completed
12:26:17.098 [main] INFO  testCases.TC002_LoginTest - Validating the text...
12:26:17.151 [main] INFO  testCases.TC002_LoginTest - login successful, text is matching
12:26:17.151 [main] INFO  testCases.TC002_LoginTest - ** Finished TC002_Login_Test**
12:26:21.691 [main] INFO  testCases.TC002_LoginTest - ** Started TC002_Login_Test**
12:26:22.348 [main] INFO  testCases.TC002_LoginTest - home page actions completed
12:26:23.126 [main] INFO  testCases.TC002_LoginTest - my login page actions completed
12:26:23.128 [main] INFO  testCases.TC002_LoginTest - Validating the text...
12:26:23.193 [main] INFO  testCases.TC002_LoginTest - login successful, text is matching
12:26:23.193 [main] INFO  testCases.TC002_LoginTest - ** Finished TC002_Login_Test**
12:27:21.841 [main] DEBUG org.testng.TestNG - suiteXmlPath: "C:\Users\koush\eclipse-workspace\Final_Selenium_Automation\grid-docker.xml"
12:27:22.322 [main] INFO  org.testng.internal.Utils - [TestNG] Running:
  C:\Users\koush\eclipse-workspace\Final_Selenium_Automation\grid-docker.xml

12:27:25.969 [main] INFO  testCases.TC001_AccountRegistrationTest - *Started the Test case*
12:27:26.128 [main] INFO  testCases.TC001_AccountRegistrationTest - Clicked on my account
12:27:26.558 [main] INFO  testCases.TC001_AccountRegistrationTest - Clicked on register link
12:27:26.559 [main] INFO  testCases.TC001_AccountRegistrationTest - Entering customer details
12:27:28.151 [main] INFO  testCases.TC001_AccountRegistrationTest - *Validating the message..
12:27:28.215 [main] INFO  testCases.TC001_AccountRegistrationTest - *Ended the Test case*
12:27:29.506 [main] INFO  testCases.TC002_LoginTest - ** Started TC002_Login_Test**
12:27:29.912 [main] INFO  testCases.TC002_LoginTest - home page actions completed
12:27:30.691 [main] INFO  testCases.TC002_LoginTest - my login page actions completed
12:27:30.696 [main] INFO  testCases.TC002_LoginTest - Validating the text...
12:27:30.790 [main] INFO  testCases.TC002_LoginTest - login successful, text is matching
12:27:30.790 [main] INFO  testCases.TC002_LoginTest - ** Finished TC002_Login_Test**
12:27:32.436 [main] DEBUG org.apache.poi.openxml4j.opc.PackageRelationshipCollection - Parsing relationship: /xl/_rels/workbook.xml.rels
12:27:32.444 [main] DEBUG org.apache.poi.openxml4j.opc.PackageRelationshipCollection - Parsing relationship: /xl/worksheets/_rels/sheet1.xml.rels
12:27:32.444 [main] DEBUG org.apache.poi.openxml4j.opc.PackageRelationshipCollection - Parsing relationship: /_rels/.rels
12:27:32.911 [main] DEBUG org.apache.poi.ooxml.POIXMLFactory - using default POIXMLDocumentPart for http://schemas.openxmlformats.org/officeDocument/2006/relationships/printerSettings
12:27:33.063 [main] DEBUG org.apache.poi.openxml4j.opc.PackageRelationshipCollection - Parsing relationship: /xl/_rels/workbook.xml.rels
12:27:33.063 [main] DEBUG org.apache.poi.openxml4j.opc.PackageRelationshipCollection - Parsing relationship: /xl/worksheets/_rels/sheet1.xml.rels
12:27:33.070 [main] DEBUG org.apache.poi.openxml4j.opc.PackageRelationshipCollection - Parsing relationship: /_rels/.rels
12:27:33.095 [main] DEBUG org.apache.poi.ooxml.POIXMLFactory - using default POIXMLDocumentPart for http://schemas.openxmlformats.org/officeDocument/2006/relationships/printerSettings
12:27:33.113 [main] DEBUG org.apache.poi.openxml4j.opc.PackageRelationshipCollection - Parsing relationship: /xl/_rels/workbook.xml.rels
12:27:33.121 [main] DEBUG org.apache.poi.openxml4j.opc.PackageRelationshipCollection - Parsing relationship: /xl/worksheets/_rels/sheet1.xml.rels
12:27:33.121 [main] DEBUG org.apache.poi.openxml4j.opc.PackageRelationshipCollection - Parsing relationship: /_rels/.rels
12:27:33.138 [main] DEBUG org.apache.poi.ooxml.POIXMLFactory - using default POIXMLDocumentPart for http://schemas.openxmlformats.org/officeDocument/2006/relationships/printerSettings
12:27:33.169 [main] DEBUG org.apache.poi.openxml4j.opc.PackageRelationshipCollection - Parsing relationship: /xl/_rels/workbook.xml.rels
12:27:33.169 [main] DEBUG org.apache.poi.openxml4j.opc.PackageRelationshipCollection - Parsing relationship: /xl/worksheets/_rels/sheet1.xml.rels
12:27:33.169 [main] DEBUG org.apache.poi.openxml4j.opc.PackageRelationshipCollection - Parsing relationship: /_rels/.rels
12:27:33.187 [main] DEBUG org.apache.poi.ooxml.POIXMLFactory - using default POIXMLDocumentPart for http://schemas.openxmlformats.org/officeDocument/2006/relationships/printerSettings
12:27:33.209 [main] DEBUG org.apache.poi.openxml4j.opc.PackageRelationshipCollection - Parsing relationship: /xl/_rels/workbook.xml.rels
12:27:33.209 [main] DEBUG org.apache.poi.openxml4j.opc.PackageRelationshipCollection - Parsing relationship: /xl/worksheets/_rels/sheet1.xml.rels
12:27:33.209 [main] DEBUG org.apache.poi.openxml4j.opc.PackageRelationshipCollection - Parsing relationship: /_rels/.rels
12:27:33.228 [main] DEBUG org.apache.poi.ooxml.POIXMLFactory - using default POIXMLDocumentPart for http://schemas.openxmlformats.org/officeDocument/2006/relationships/printerSettings
12:27:33.252 [main] DEBUG org.apache.poi.openxml4j.opc.PackageRelationshipCollection - Parsing relationship: /xl/_rels/workbook.xml.rels
12:27:33.252 [main] DEBUG org.apache.poi.openxml4j.opc.PackageRelationshipCollection - Parsing relationship: /xl/worksheets/_rels/sheet1.xml.rels
12:27:33.252 [main] DEBUG org.apache.poi.openxml4j.opc.PackageRelationshipCollection - Parsing relationship: /_rels/.rels
12:27:33.268 [main] DEBUG org.apache.poi.ooxml.POIXMLFactory - using default POIXMLDocumentPart for http://schemas.openxmlformats.org/officeDocument/2006/relationships/printerSettings
12:27:33.284 [main] DEBUG org.apache.poi.openxml4j.opc.PackageRelationshipCollection - Parsing relationship: /xl/_rels/workbook.xml.rels
12:27:33.293 [main] DEBUG org.apache.poi.openxml4j.opc.PackageRelationshipCollection - Parsing relationship: /xl/worksheets/_rels/sheet1.xml.rels
12:27:33.293 [main] DEBUG org.apache.poi.openxml4j.opc.PackageRelationshipCollection - Parsing relationship: /_rels/.rels
12:27:33.301 [main] DEBUG org.apache.poi.ooxml.POIXMLFactory - using default POIXMLDocumentPart for http://schemas.openxmlformats.org/officeDocument/2006/relationships/printerSettings
12:27:33.326 [main] DEBUG org.apache.poi.openxml4j.opc.PackageRelationshipCollection - Parsing relationship: /xl/_rels/workbook.xml.rels
12:27:33.328 [main] DEBUG org.apache.poi.openxml4j.opc.PackageRelationshipCollection - Parsing relationship: /xl/worksheets/_rels/sheet1.xml.rels
12:27:33.328 [main] DEBUG org.apache.poi.openxml4j.opc.PackageRelationshipCollection - Parsing relationship: /_rels/.rels
12:27:33.345 [main] DEBUG org.apache.poi.ooxml.POIXMLFactory - using default POIXMLDocumentPart for http://schemas.openxmlformats.org/officeDocument/2006/relationships/printerSettings
12:27:33.358 [main] DEBUG org.apache.poi.openxml4j.opc.PackageRelationshipCollection - Parsing relationship: /xl/_rels/workbook.xml.rels
12:27:33.358 [main] DEBUG org.apache.poi.openxml4j.opc.PackageRelationshipCollection - Parsing relationship: /xl/worksheets/_rels/sheet1.xml.rels
12:27:33.358 [main] DEBUG org.apache.poi.openxml4j.opc.PackageRelationshipCollection - Parsing relationship: /_rels/.rels
12:27:33.376 [main] DEBUG org.apache.poi.ooxml.POIXMLFactory - using default POIXMLDocumentPart for http://schemas.openxmlformats.org/officeDocument/2006/relationships/printerSettings
12:27:33.396 [main] DEBUG org.apache.poi.openxml4j.opc.PackageRelationshipCollection - Parsing relationship: /xl/_rels/workbook.xml.rels
12:27:33.398 [main] DEBUG org.apache.poi.openxml4j.opc.PackageRelationshipCollection - Parsing relationship: /xl/worksheets/_rels/sheet1.xml.rels
12:27:33.399 [main] DEBUG org.apache.poi.openxml4j.opc.PackageRelationshipCollection - Parsing relationship: /_rels/.rels
12:27:33.412 [main] DEBUG org.apache.poi.ooxml.POIXMLFactory - using default POIXMLDocumentPart for http://schemas.openxmlformats.org/officeDocument/2006/relationships/printerSettings
12:27:33.429 [main] DEBUG org.apache.poi.openxml4j.opc.PackageRelationshipCollection - Parsing relationship: /xl/_rels/workbook.xml.rels
12:27:33.432 [main] DEBUG org.apache.poi.openxml4j.opc.PackageRelationshipCollection - Parsing relationship: /xl/worksheets/_rels/sheet1.xml.rels
12:27:33.432 [main] DEBUG org.apache.poi.openxml4j.opc.PackageRelationshipCollection - Parsing relationship: /_rels/.rels
12:27:33.440 [main] DEBUG org.apache.poi.ooxml.POIXMLFactory - using default POIXMLDocumentPart for http://schemas.openxmlformats.org/officeDocument/2006/relationships/printerSettings
12:27:33.460 [main] DEBUG org.apache.poi.openxml4j.opc.PackageRelationshipCollection - Parsing relationship: /xl/_rels/workbook.xml.rels
12:27:33.461 [main] DEBUG org.apache.poi.openxml4j.opc.PackageRelationshipCollection - Parsing relationship: /xl/worksheets/_rels/sheet1.xml.rels
12:27:33.462 [main] DEBUG org.apache.poi.openxml4j.opc.PackageRelationshipCollection - Parsing relationship: /_rels/.rels
12:27:33.472 [main] DEBUG org.apache.poi.ooxml.POIXMLFactory - using default POIXMLDocumentPart for http://schemas.openxmlformats.org/officeDocument/2006/relationships/printerSettings
12:27:33.491 [main] DEBUG org.apache.poi.openxml4j.opc.PackageRelationshipCollection - Parsing relationship: /xl/_rels/workbook.xml.rels
12:27:33.491 [main] DEBUG org.apache.poi.openxml4j.opc.PackageRelationshipCollection - Parsing relationship: /xl/worksheets/_rels/sheet1.xml.rels
12:27:33.491 [main] DEBUG org.apache.poi.openxml4j.opc.PackageRelationshipCollection - Parsing relationship: /_rels/.rels
12:27:33.505 [main] DEBUG org.apache.poi.ooxml.POIXMLFactory - using default POIXMLDocumentPart for http://schemas.openxmlformats.org/officeDocument/2006/relationships/printerSettings
12:27:33.521 [main] DEBUG org.apache.poi.openxml4j.opc.PackageRelationshipCollection - Parsing relationship: /xl/_rels/workbook.xml.rels
12:27:33.521 [main] DEBUG org.apache.poi.openxml4j.opc.PackageRelationshipCollection - Parsing relationship: /xl/worksheets/_rels/sheet1.xml.rels
12:27:33.521 [main] DEBUG org.apache.poi.openxml4j.opc.PackageRelationshipCollection - Parsing relationship: /_rels/.rels
12:27:33.530 [main] DEBUG org.apache.poi.ooxml.POIXMLFactory - using default POIXMLDocumentPart for http://schemas.openxmlformats.org/officeDocument/2006/relationships/printerSettings
12:27:33.546 [main] DEBUG org.apache.poi.openxml4j.opc.PackageRelationshipCollection - Parsing relationship: /xl/_rels/workbook.xml.rels
12:27:33.546 [main] DEBUG org.apache.poi.openxml4j.opc.PackageRelationshipCollection - Parsing relationship: /xl/worksheets/_rels/sheet1.xml.rels
12:27:33.546 [main] DEBUG org.apache.poi.openxml4j.opc.PackageRelationshipCollection - Parsing relationship: /_rels/.rels
12:27:33.554 [main] DEBUG org.apache.poi.ooxml.POIXMLFactory - using default POIXMLDocumentPart for http://schemas.openxmlformats.org/officeDocument/2006/relationships/printerSettings
12:27:33.571 [main] DEBUG org.apache.poi.openxml4j.opc.PackageRelationshipCollection - Parsing relationship: /xl/_rels/workbook.xml.rels
12:27:33.571 [main] DEBUG org.apache.poi.openxml4j.opc.PackageRelationshipCollection - Parsing relationship: /xl/worksheets/_rels/sheet1.xml.rels
12:27:33.571 [main] DEBUG org.apache.poi.openxml4j.opc.PackageRelationshipCollection - Parsing relationship: /_rels/.rels
12:27:33.595 [main] DEBUG org.apache.poi.ooxml.POIXMLFactory - using default POIXMLDocumentPart for http://schemas.openxmlformats.org/officeDocument/2006/relationships/printerSettings
12:27:33.620 [main] DEBUG org.apache.poi.openxml4j.opc.PackageRelationshipCollection - Parsing relationship: /xl/_rels/workbook.xml.rels
12:27:33.620 [main] DEBUG org.apache.poi.openxml4j.opc.PackageRelationshipCollection - Parsing relationship: /xl/worksheets/_rels/sheet1.xml.rels
12:27:33.628 [main] DEBUG org.apache.poi.openxml4j.opc.PackageRelationshipCollection - Parsing relationship: /_rels/.rels
12:27:33.637 [main] DEBUG org.apache.poi.ooxml.POIXMLFactory - using default POIXMLDocumentPart for http://schemas.openxmlformats.org/officeDocument/2006/relationships/printerSettings
12:27:33.653 [main] INFO  testCases.TC003_LoginDDT - ** Started Login DataDriven Test **
12:27:34.088 [main] INFO  testCases.TC003_LoginDDT - home page actions completed
12:27:34.809 [main] INFO  testCases.TC003_LoginDDT - my login page actions completed
12:27:34.809 [main] INFO  testCases.TC003_LoginDDT - Validating the text...
12:27:35.202 [main] INFO  testCases.TC003_LoginDDT - ** Finished Login DataDriven Test **
12:27:35.210 [main] INFO  testCases.TC003_LoginDDT - ** Started Login DataDriven Test **
12:27:35.537 [main] INFO  testCases.TC003_LoginDDT - home page actions completed
12:27:36.200 [main] INFO  testCases.TC003_LoginDDT - my login page actions completed
12:27:36.202 [main] INFO  testCases.TC003_LoginDDT - Validating the text...
12:27:36.780 [main] INFO  testCases.TC003_LoginDDT - ** Started Login DataDriven Test **
12:27:37.120 [main] INFO  testCases.TC003_LoginDDT - home page actions completed
12:27:37.813 [main] INFO  testCases.TC003_LoginDDT - my login page actions completed
12:27:37.813 [main] INFO  testCases.TC003_LoginDDT - Validating the text...
12:27:38.298 [main] INFO  testCases.TC003_LoginDDT - ** Started Login DataDriven Test **
12:27:38.638 [main] INFO  testCases.TC003_LoginDDT - home page actions completed
12:27:39.405 [main] INFO  testCases.TC003_LoginDDT - my login page actions completed
12:27:39.405 [main] INFO  testCases.TC003_LoginDDT - Validating the text...
12:27:49.467 [main] INFO  testCases.TC003_LoginDDT - ** Finished Login DataDriven Test **
12:27:49.474 [main] INFO  testCases.TC003_LoginDDT - ** Started Login DataDriven Test **
12:27:49.915 [main] INFO  testCases.TC003_LoginDDT - home page actions completed
12:27:50.947 [main] INFO  testCases.TC003_LoginDDT - my login page actions completed
12:27:50.948 [main] INFO  testCases.TC003_LoginDDT - Validating the text...
12:27:51.493 [main] INFO  testCases.TC003_LoginDDT - ** Finished Login DataDriven Test **
12:27:58.035 [main] INFO  testCases.TC001_AccountRegistrationTest - *Started the Test case*
12:27:58.340 [main] INFO  testCases.TC001_AccountRegistrationTest - Clicked on my account
12:27:58.894 [main] INFO  testCases.TC001_AccountRegistrationTest - Clicked on register link
12:27:58.894 [main] INFO  testCases.TC001_AccountRegistrationTest - Entering customer details
12:28:00.028 [main] INFO  testCases.TC001_AccountRegistrationTest - *Validating the message..
12:28:00.077 [main] INFO  testCases.TC001_AccountRegistrationTest - *Ended the Test case*
12:28:04.008 [main] INFO  testCases.TC002_LoginTest - ** Started TC002_Login_Test**
12:28:04.632 [main] INFO  testCases.TC002_LoginTest - home page actions completed
12:28:05.367 [main] INFO  testCases.TC002_LoginTest - my login page actions completed
12:28:05.367 [main] INFO  testCases.TC002_LoginTest - Validating the text...
12:28:05.410 [main] INFO  testCases.TC002_LoginTest - login successful, text is matching
12:28:05.410 [main] INFO  testCases.TC002_LoginTest - ** Finished TC002_Login_Test**
17:50:54.634 [main] DEBUG org.testng.TestNG - suiteXmlPath: "C:\Users\koush\eclipse-workspace\Final_Selenium_Automation\Master.xml"
17:52:03.023 [main] DEBUG org.testng.TestNG - suiteXmlPath: "C:\Users\koush\eclipse-workspace\Final_Selenium_Automation\Master.xml"
17:52:12.066 [main] INFO  testCases.TC001_AccountRegistrationTest - *Started the Test case*
17:52:12.739 [main] INFO  testCases.TC001_AccountRegistrationTest - Clicked on my account
17:52:14.432 [main] INFO  testCases.TC001_AccountRegistrationTest - Clicked on register link
17:52:14.451 [main] INFO  testCases.TC001_AccountRegistrationTest - Entering customer details
17:52:16.704 [main] INFO  testCases.TC001_AccountRegistrationTest - *Validating the message..
17:52:16.949 [main] INFO  testCases.TC001_AccountRegistrationTest - *Ended the Test case*
22:15:07.638 [main] DEBUG org.testng.TestNG - suiteXmlPath: "C:\Users\koush\eclipse-workspace\Final_Selenium_Automation\Master.xml"
22:15:13.532 [main] INFO  testCases.TC001_AccountRegistrationTest - *Started the Test case*
22:15:14.029 [main] INFO  testCases.TC001_AccountRegistrationTest - Clicked on my account
22:15:14.875 [main] INFO  testCases.TC001_AccountRegistrationTest - Clicked on register link
22:15:14.880 [main] INFO  testCases.TC001_AccountRegistrationTest - Entering customer details
22:15:17.407 [main] INFO  testCases.TC001_AccountRegistrationTest - *Validating the message..
22:15:17.487 [main] INFO  testCases.TC001_AccountRegistrationTest - *Ended the Test case*
22:15:59.772 [main] DEBUG org.testng.TestNG - suiteXmlPath: "C:\Users\koush\eclipse-workspace\Final_Selenium_Automation\Master.xml"
22:16:04.522 [main] INFO  testCases.TC001_AccountRegistrationTest - *Started the Test case*
22:16:05.169 [main] INFO  testCases.TC001_AccountRegistrationTest - Clicked on my account
22:16:05.863 [main] INFO  testCases.TC001_AccountRegistrationTest - Clicked on register link
22:16:05.865 [main] INFO  testCases.TC001_AccountRegistrationTest - Entering customer details
22:16:07.798 [main] INFO  testCases.TC001_AccountRegistrationTest - *Validating the message..
22:16:07.879 [main] INFO  testCases.TC001_AccountRegistrationTest - *Ended the Test case*
22:28:14.020 [main] DEBUG org.testng.TestNG - suiteXmlPath: "C:\Users\koush\eclipse-workspace\Final_Selenium_Automation\Master.xml"
22:28:18.179 [main] INFO  testCases.TC001_AccountRegistrationTest - *Started the Test case*
22:28:18.396 [main] INFO  testCases.TC001_AccountRegistrationTest - Clicked on my account
22:28:19.329 [main] INFO  testCases.TC001_AccountRegistrationTest - Clicked on register link
22:28:19.330 [main] INFO  testCases.TC001_AccountRegistrationTest - Entering customer details
22:28:21.458 [main] INFO  testCases.TC001_AccountRegistrationTest - *Validating the message..
22:28:21.536 [main] INFO  testCases.TC001_AccountRegistrationTest - *Ended the Test case*
